<?xml version="1.0" encoding="UTF-8"?>
<testng-results skipped="0" failed="0" total="1" passed="1">
  <reporter-output>
  </reporter-output>
  <suite name="pac1.SampleTest" duration-ms="21" started-at="2018-03-22T11:51:24Z" finished-at="2018-03-22T11:51:24Z">
    <groups>
    </groups>
    <test name="Command line test" duration-ms="21" started-at="2018-03-22T11:51:24Z" finished-at="2018-03-22T11:51:24Z">
      <class name="pac1.SampleTest">
        <test-method status="PASS" signature="cerateContactTest()[pri:0, instance:pac1.SampleTest@5ebec15]" name="cerateContactTest" duration-ms="6" started-at="2018-03-22T17:21:24Z" finished-at="2018-03-22T17:21:24Z">
          <reporter-output>
          </reporter-output>
        </test-method> <!-- cerateContactTest -->
      </class> <!-- pac1.SampleTest -->
    </test> <!-- Command line test -->
  </suite> <!-- pac1.SampleTest -->
</testng-results>
