<?xml version="1.0" encoding="UTF-8"?>
<testng-results skipped="0" failed="0" total="1" passed="1">
  <reporter-output>
  </reporter-output>
  <suite name="com.qspiders.test.SampleTest" duration-ms="30" started-at="2018-03-01T12:17:49Z" finished-at="2018-03-01T12:17:49Z">
    <groups>
    </groups>
    <test name="Command line test" duration-ms="30" started-at="2018-03-01T12:17:49Z" finished-at="2018-03-01T12:17:49Z">
      <class name="com.qspiders.test.SampleTest">
        <test-method status="PASS" signature="sampletest()[pri:0, instance:com.qspiders.test.SampleTest@5ebec15]" name="sampletest" duration-ms="9" started-at="2018-03-01T04:17:49Z" finished-at="2018-03-01T04:17:49Z">
          <reporter-output>
          </reporter-output>
        </test-method> <!-- sampletest -->
      </class> <!-- com.qspiders.test.SampleTest -->
    </test> <!-- Command line test -->
  </suite> <!-- com.qspiders.test.SampleTest -->
</testng-results>
